<?xml version="1.0" encoding="UTF-8"?>
<testng-results skipped="0" failed="0" ignored="0" total="1" passed="1">
  <reporter-output>
  </reporter-output>
  <suite name="Default suite" duration-ms="118660" started-at="2020-08-11T08:44:57Z" finished-at="2020-08-11T08:46:56Z">
    <groups>
    </groups>
    <test name="Default test" duration-ms="118660" started-at="2020-08-11T08:44:57Z" finished-at="2020-08-11T08:46:56Z">
      <class name="Testcase.goIbibo">
        <test-method status="PASS" signature="InvokeBrowser()[pri:0, instance:Testcase.goIbibo@7cd62f43]" name="InvokeBrowser" is-config="true" duration-ms="64844" started-at="2020-08-11T08:44:57Z" finished-at="2020-08-11T08:46:02Z">
          <reporter-output>
          </reporter-output>
        </test-method> <!-- InvokeBrowser -->
        <test-method status="PASS" signature="f()[pri:0, instance:Testcase.goIbibo@7cd62f43]" name="f" duration-ms="44397" started-at="2020-08-11T08:46:04Z" finished-at="2020-08-11T08:46:49Z">
          <reporter-output>
          </reporter-output>
        </test-method> <!-- f -->
        <test-method status="PASS" signature="CloseBrowser()[pri:0, instance:Testcase.goIbibo@7cd62f43]" name="CloseBrowser" is-config="true" duration-ms="7007" started-at="2020-08-11T08:46:49Z" finished-at="2020-08-11T08:46:56Z">
          <reporter-output>
          </reporter-output>
        </test-method> <!-- CloseBrowser -->
      </class> <!-- Testcase.goIbibo -->
    </test> <!-- Default test -->
  </suite> <!-- Default suite -->
</testng-results>
